<?xml version="1.0" encoding="utf-8"?><testsuites><testsuite name="pytest" errors="0" failures="0" skipped="0" tests="4" time="34.180" timestamp="2023-10-15T17:16:31.238827" hostname="1856f8e6d3a4"><testcase classname="tests.model.test_model.TestModel" name="test_model_fit" time="14.913" /><testcase classname="tests.model.test_model.TestModel" name="test_model_predict" time="0.571" /><testcase classname="tests.model.test_model.TestModel" name="test_model_preprocess_for_serving" time="0.682" /><testcase classname="tests.model.test_model.TestModel" name="test_model_preprocess_for_training" time="15.090" /></testsuite></testsuites>